<?xml version="1.0" encoding="UTF-8"?>
<testng-results skipped="0" failed="0" total="4" passed="4">
  <reporter-output>
  </reporter-output>
  <suite name="Default suite" duration-ms="18415" started-at="2014-08-12T11:19:37Z" finished-at="2014-08-12T11:19:55Z">
    <groups>
    </groups>
    <test name="Default test" duration-ms="18415" started-at="2014-08-12T11:19:37Z" finished-at="2014-08-12T11:19:55Z">
      <class name="com.example.tests.AlsoOfGroupCreationTests">
        <test-method status="PASS" signature="setUp()[pri:0, instance:com.example.tests.AlsoOfGroupCreationTests@1d384ee]" name="setUp" is-config="true" duration-ms="9430" started-at="2014-08-12T14:19:37Z" finished-at="2014-08-12T14:19:46Z">
          <reporter-output>
          </reporter-output>
        </test-method> <!-- setUp -->
        <test-method status="PASS" signature="testEmptyGroupCreation()[pri:0, instance:com.example.tests.AlsoOfGroupCreationTests@1d384ee]" name="testEmptyGroupCreation" duration-ms="1299" started-at="2014-08-12T14:19:52Z" finished-at="2014-08-12T14:19:53Z">
          <reporter-output>
          </reporter-output>
        </test-method> <!-- testEmptyGroupCreation -->
        <test-method status="PASS" signature="testNonEmptyGroupCreation()[pri:0, instance:com.example.tests.AlsoOfGroupCreationTests@1d384ee]" name="testNonEmptyGroupCreation" duration-ms="1572" started-at="2014-08-12T14:19:53Z" finished-at="2014-08-12T14:19:55Z">
          <reporter-output>
          </reporter-output>
        </test-method> <!-- testNonEmptyGroupCreation -->
        <test-method status="PASS" signature="tearDown()[pri:0, instance:com.example.tests.AlsoOfGroupCreationTests@1d384ee]" name="tearDown" is-config="true" duration-ms="458" started-at="2014-08-12T14:19:55Z" finished-at="2014-08-12T14:19:55Z">
          <reporter-output>
          </reporter-output>
        </test-method> <!-- tearDown -->
      </class> <!-- com.example.tests.AlsoOfGroupCreationTests -->
      <class name="com.example.tests.GroupCreationTests">
        <test-method status="PASS" signature="testNonEmptyGroupCreation()[pri:0, instance:com.example.tests.GroupCreationTests@1035e27]" name="testNonEmptyGroupCreation" duration-ms="4114" started-at="2014-08-12T14:19:46Z" finished-at="2014-08-12T14:19:50Z">
          <reporter-output>
          </reporter-output>
        </test-method> <!-- testNonEmptyGroupCreation -->
        <test-method status="PASS" signature="testNonEmptyGroupCreation2()[pri:0, instance:com.example.tests.GroupCreationTests@1035e27]" name="testNonEmptyGroupCreation2" duration-ms="1518" started-at="2014-08-12T14:19:50Z" finished-at="2014-08-12T14:19:52Z">
          <reporter-output>
          </reporter-output>
        </test-method> <!-- testNonEmptyGroupCreation2 -->
      </class> <!-- com.example.tests.GroupCreationTests -->
    </test> <!-- Default test -->
  </suite> <!-- Default suite -->
</testng-results>
