<?xml version="1.0" encoding="UTF-8"?>
<!-- Generated by org.testng.reporters.JUnitXMLReporter -->
<testsuite hostname="workwin" name="Default test" tests="4" failures="0" timestamp="12 Aug 2014 11:19:55 GMT" time="18.415" errors="0">
  <testcase name="testNonEmptyGroupCreation" time="4.114" classname="com.example.tests.GroupCreationTests"/>
  <testcase name="testNonEmptyGroupCreation2" time="1.518" classname="com.example.tests.GroupCreationTests"/>
  <testcase name="testEmptyGroupCreation" time="1.299" classname="com.example.tests.AlsoOfGroupCreationTests"/>
  <testcase name="testNonEmptyGroupCreation" time="1.572" classname="com.example.tests.AlsoOfGroupCreationTests"/>
</testsuite> <!-- Default test -->
